C:\Users\Public\Desktop\codeprojects\elt\Proj\vs2010\Debug\cl.command.1.tlog
C:\Users\Public\Desktop\codeprojects\elt\Proj\vs2010\Debug\CL.read.1.tlog
C:\Users\Public\Desktop\codeprojects\elt\Proj\vs2010\Debug\CL.write.1.tlog
C:\USERS\PUBLIC\DESKTOP\CODEPROJECTS\ELT\PROJ\VS2010\DEBUG\ELT_AUDIO.OBJ
C:\USERS\PUBLIC\DESKTOP\CODEPROJECTS\ELT\PROJ\VS2010\DEBUG\ELT_CL.OBJ
C:\USERS\PUBLIC\DESKTOP\CODEPROJECTS\ELT\PROJ\VS2010\DEBUG\ELT_CONSOLE.OBJ
C:\USERS\PUBLIC\DESKTOP\CODEPROJECTS\ELT\PROJ\VS2010\DEBUG\ELT_CPUINFO.OBJ
C:\USERS\PUBLIC\DESKTOP\CODEPROJECTS\ELT\PROJ\VS2010\DEBUG\ELT_ERRORHANDLER.OBJ
C:\USERS\PUBLIC\DESKTOP\CODEPROJECTS\ELT\PROJ\VS2010\DEBUG\ELT_EVENT.OBJ
C:\USERS\PUBLIC\DESKTOP\CODEPROJECTS\ELT\PROJ\VS2010\DEBUG\ELT_GAMECONTROLLER.OBJ
C:\USERS\PUBLIC\DESKTOP\CODEPROJECTS\ELT\PROJ\VS2010\DEBUG\ELT_GL.OBJ
C:\USERS\PUBLIC\DESKTOP\CODEPROJECTS\ELT\PROJ\VS2010\DEBUG\ELT_JOYSTICK.OBJ
C:\USERS\PUBLIC\DESKTOP\CODEPROJECTS\ELT\PROJ\VS2010\DEBUG\ELT_KEYBOARD.OBJ
C:\USERS\PUBLIC\DESKTOP\CODEPROJECTS\ELT\PROJ\VS2010\DEBUG\ELT_LOADSO.OBJ
C:\USERS\PUBLIC\DESKTOP\CODEPROJECTS\ELT\PROJ\VS2010\DEBUG\ELT_LOG.OBJ
C:\USERS\PUBLIC\DESKTOP\CODEPROJECTS\ELT\PROJ\VS2010\DEBUG\ELT_MOUSE.OBJ
C:\USERS\PUBLIC\DESKTOP\CODEPROJECTS\ELT\PROJ\VS2010\DEBUG\ELT_NET.OBJ
C:\USERS\PUBLIC\DESKTOP\CODEPROJECTS\ELT\PROJ\VS2010\DEBUG\ELT_THREAD.OBJ
C:\USERS\PUBLIC\DESKTOP\CODEPROJECTS\ELT\PROJ\VS2010\DEBUG\ELT_TIMER.OBJ
C:\USERS\PUBLIC\DESKTOP\CODEPROJECTS\ELT\PROJ\VS2010\DEBUG\ELT_WIN.OBJ
C:\USERS\PUBLIC\DESKTOP\CODEPROJECTS\ELT\PROJ\VS2010\DEBUG\ENGINEEX.DLL
C:\Users\Public\Desktop\codeprojects\elt\Proj\vs2010\Debug\EngineEx.dll.intermediate.manifest
C:\USERS\PUBLIC\DESKTOP\CODEPROJECTS\ELT\PROJ\VS2010\DEBUG\ENGINEEX.EXE
C:\USERS\PUBLIC\DESKTOP\CODEPROJECTS\ELT\PROJ\VS2010\DEBUG\ENGINEEX.EXE.INTERMEDIATE.MANIFEST
C:\Users\Public\Desktop\codeprojects\elt\Proj\vs2010\Debug\EngineEx.exp
C:\Users\Public\Desktop\codeprojects\elt\Proj\vs2010\Debug\EngineEx.lib
C:\USERS\PUBLIC\DESKTOP\CODEPROJECTS\ELT\PROJ\VS2010\DEBUG\ENGINEEX.PDB
C:\Users\Public\Desktop\codeprojects\elt\Proj\vs2010\Debug\EngineEx.write.1.tlog
C:\USERS\PUBLIC\DESKTOP\CODEPROJECTS\ELT\PROJ\VS2010\DEBUG\ENGINEEX2.OBJ
C:\USERS\PUBLIC\DESKTOP\CODEPROJECTS\ELT\PROJ\VS2010\DEBUG\EXCOMMON.OBJ
C:\USERS\PUBLIC\DESKTOP\CODEPROJECTS\ELT\PROJ\VS2010\DEBUG\EXENGINE.OBJ
C:\Users\Public\Desktop\codeprojects\elt\Proj\vs2010\Debug\link.command.1.tlog
C:\Users\Public\Desktop\codeprojects\elt\Proj\vs2010\Debug\link.read.1.tlog
C:\Users\Public\Desktop\codeprojects\elt\Proj\vs2010\Debug\link.write.1.tlog
C:\USERS\PUBLIC\DESKTOP\CODEPROJECTS\ELT\PROJ\VS2010\DEBUG\MAIN.OBJ
C:\Users\Public\Desktop\codeprojects\elt\Proj\vs2010\Debug\mt.command.1.tlog
C:\Users\Public\Desktop\codeprojects\elt\Proj\vs2010\Debug\mt.read.1.tlog
C:\Users\Public\Desktop\codeprojects\elt\Proj\vs2010\Debug\mt.write.1.tlog
C:\Users\Public\Desktop\codeprojects\elt\Proj\vs2010\Debug\vc100.idb
C:\USERS\PUBLIC\DESKTOP\CODEPROJECTS\ELT\PROJ\VS2010\DEBUG\VC100.PDB
C:\USERS\PUBLIC\DESKTOP\CODEPROJECTS\ELT\PROJ\VS2010\DEBUG\WIN_CONTROLS.OBJ
C:\USERS\PUBLIC\DESKTOP\CODEPROJECTS\ELT\PROJ\VS2010\DEBUG\WIN_DIRECTX.OBJ
C:\USERS\PUBLIC\DESKTOP\CODEPROJECTS\ELT\PROJ\VS2010\DEBUG\WIN_GL.OBJ
C:\USERS\PUBLIC\DESKTOP\CODEPROJECTS\ELT\PROJ\VS2010\DEBUG\WIN_NET.OBJ
C:\USERS\PUBLIC\DESKTOP\CODEPROJECTS\ELT\PROJ\VS2010\DEBUG\WIN_WIN32.OBJ
C:\USERS\PUBLIC\DESKTOP\CODEPROJECTS\ELT\PROJ\VS2010\DEBUG\WIN_WNDPROC.OBJ
C:\USERS\PUBLIC\DESKTOP\CODEPROJECTS\ELT\PROJ\VS2010\DEBUG\WND_COMMON.OBJ
C:\USERS\PUBLIC\DESKTOP\CODEPROJECTS\ELT\PROJ\VS2010\DEBUG\WND_FILEDIALOG.OBJ
C:\USERS\PUBLIC\DESKTOP\CODEPROJECTS\ELT\PROJ\VS2010\DEBUG\WND_INPUT.OBJ
C:\USERS\PUBLIC\DESKTOP\CODEPROJECTS\ELT\PROJ\VS2010\DEBUG\WND_SND.OBJ
C:\USERS\PUBLIC\DESKTOP\CODEPROJECTS\ELT\PROJ\VS2010\DEBUG\XBOXCONTROLLERHANDLER.OBJ
